Determining if the pthread_create exist failed with the following output:
Change Dir: /home/jlukas/My_Project/ROS1/ROS1_DroneKit_Indoor/build/CMakeFiles/CMakeTmp

Run Build Command:"/usr/bin/make" "cmTC_64245/fast"
/usr/bin/make -f CMakeFiles/cmTC_64245.dir/build.make CMakeFiles/cmTC_64245.dir/build
make[1]: Entering directory '/home/jlukas/My_Project/ROS1/ROS1_DroneKit_Indoor/build/CMakeFiles/CMakeTmp'
Building C object CMakeFiles/cmTC_64245.dir/CheckSymbolExists.c.o
/usr/lib/ccache/cc    -o CMakeFiles/cmTC_64245.dir/CheckSymbolExists.c.o   -c /home/jlukas/My_Project/ROS1/ROS1_DroneKit_Indoor/build/CMakeFiles/CMakeTmp/CheckSymbolExists.c
Linking C executable cmTC_64245
/usr/bin/cmake -E cmake_link_script CMakeFiles/cmTC_64245.dir/link.txt --verbose=1
/usr/lib/ccache/cc      -rdynamic CMakeFiles/cmTC_64245.dir/CheckSymbolExists.c.o  -o cmTC_64245 
CMakeFiles/cmTC_64245.dir/CheckSymbolExists.c.o: In function `main':
CheckSymbolExists.c:(.text+0x1b): undefined reference to `pthread_create'
collect2: error: ld returned 1 exit status
CMakeFiles/cmTC_64245.dir/build.make:97: recipe for target 'cmTC_64245' failed
make[1]: *** [cmTC_64245] Error 1
make[1]: Leaving directory '/home/jlukas/My_Project/ROS1/ROS1_DroneKit_Indoor/build/CMakeFiles/CMakeTmp'
Makefile:126: recipe for target 'cmTC_64245/fast' failed
make: *** [cmTC_64245/fast] Error 2

File /home/jlukas/My_Project/ROS1/ROS1_DroneKit_Indoor/build/CMakeFiles/CMakeTmp/CheckSymbolExists.c:
/* */
#include <pthread.h>

int main(int argc, char** argv)
{
  (void)argv;
#ifndef pthread_create
  return ((int*)(&pthread_create))[argc];
#else
  (void)argc;
  return 0;
#endif
}

Determining if the function pthread_create exists in the pthreads failed with the following output:
Change Dir: /home/jlukas/My_Project/ROS1/ROS1_DroneKit_Indoor/build/CMakeFiles/CMakeTmp

Run Build Command:"/usr/bin/make" "cmTC_fe27e/fast"
/usr/bin/make -f CMakeFiles/cmTC_fe27e.dir/build.make CMakeFiles/cmTC_fe27e.dir/build
make[1]: Entering directory '/home/jlukas/My_Project/ROS1/ROS1_DroneKit_Indoor/build/CMakeFiles/CMakeTmp'
Building C object CMakeFiles/cmTC_fe27e.dir/CheckFunctionExists.c.o
/usr/lib/ccache/cc   -DCHECK_FUNCTION_EXISTS=pthread_create   -o CMakeFiles/cmTC_fe27e.dir/CheckFunctionExists.c.o   -c /usr/share/cmake-3.10/Modules/CheckFunctionExists.c
Linking C executable cmTC_fe27e
/usr/bin/cmake -E cmake_link_script CMakeFiles/cmTC_fe27e.dir/link.txt --verbose=1
/usr/lib/ccache/cc  -DCHECK_FUNCTION_EXISTS=pthread_create    -rdynamic CMakeFiles/cmTC_fe27e.dir/CheckFunctionExists.c.o  -o cmTC_fe27e -lpthreads 
/usr/bin/ld: cannot find -lpthreads
collect2: error: ld returned 1 exit status
CMakeFiles/cmTC_fe27e.dir/build.make:97: recipe for target 'cmTC_fe27e' failed
make[1]: *** [cmTC_fe27e] Error 1
make[1]: Leaving directory '/home/jlukas/My_Project/ROS1/ROS1_DroneKit_Indoor/build/CMakeFiles/CMakeTmp'
Makefile:126: recipe for target 'cmTC_fe27e/fast' failed
make: *** [cmTC_fe27e/fast] Error 2


