Determining if the pthread_create exist failed with the following output:
Change Dir: /home/jlukas/My_Project/ROS1/ros_drone_indoor/build/CMakeFiles/CMakeTmp

Run Build Command:"/usr/bin/make" "cmTC_15dac/fast"
/usr/bin/make -f CMakeFiles/cmTC_15dac.dir/build.make CMakeFiles/cmTC_15dac.dir/build
make[1]: Entering directory '/home/jlukas/My_Project/ROS1/ros_drone_indoor/build/CMakeFiles/CMakeTmp'
Building C object CMakeFiles/cmTC_15dac.dir/CheckSymbolExists.c.o
/usr/lib/ccache/cc    -o CMakeFiles/cmTC_15dac.dir/CheckSymbolExists.c.o   -c /home/jlukas/My_Project/ROS1/ros_drone_indoor/build/CMakeFiles/CMakeTmp/CheckSymbolExists.c
Linking C executable cmTC_15dac
/usr/bin/cmake -E cmake_link_script CMakeFiles/cmTC_15dac.dir/link.txt --verbose=1
/usr/lib/ccache/cc      -rdynamic CMakeFiles/cmTC_15dac.dir/CheckSymbolExists.c.o  -o cmTC_15dac 
CMakeFiles/cmTC_15dac.dir/CheckSymbolExists.c.o: In function `main':
CheckSymbolExists.c:(.text+0x1b): undefined reference to `pthread_create'
collect2: error: ld returned 1 exit status
CMakeFiles/cmTC_15dac.dir/build.make:97: recipe for target 'cmTC_15dac' failed
make[1]: *** [cmTC_15dac] Error 1
make[1]: Leaving directory '/home/jlukas/My_Project/ROS1/ros_drone_indoor/build/CMakeFiles/CMakeTmp'
Makefile:126: recipe for target 'cmTC_15dac/fast' failed
make: *** [cmTC_15dac/fast] Error 2

File /home/jlukas/My_Project/ROS1/ros_drone_indoor/build/CMakeFiles/CMakeTmp/CheckSymbolExists.c:
/* */
#include <pthread.h>

int main(int argc, char** argv)
{
  (void)argv;
#ifndef pthread_create
  return ((int*)(&pthread_create))[argc];
#else
  (void)argc;
  return 0;
#endif
}

Determining if the function pthread_create exists in the pthreads failed with the following output:
Change Dir: /home/jlukas/My_Project/ROS1/ros_drone_indoor/build/CMakeFiles/CMakeTmp

Run Build Command:"/usr/bin/make" "cmTC_917ef/fast"
/usr/bin/make -f CMakeFiles/cmTC_917ef.dir/build.make CMakeFiles/cmTC_917ef.dir/build
make[1]: Entering directory '/home/jlukas/My_Project/ROS1/ros_drone_indoor/build/CMakeFiles/CMakeTmp'
Building C object CMakeFiles/cmTC_917ef.dir/CheckFunctionExists.c.o
/usr/lib/ccache/cc   -DCHECK_FUNCTION_EXISTS=pthread_create   -o CMakeFiles/cmTC_917ef.dir/CheckFunctionExists.c.o   -c /usr/share/cmake-3.10/Modules/CheckFunctionExists.c
Linking C executable cmTC_917ef
/usr/bin/cmake -E cmake_link_script CMakeFiles/cmTC_917ef.dir/link.txt --verbose=1
/usr/lib/ccache/cc  -DCHECK_FUNCTION_EXISTS=pthread_create    -rdynamic CMakeFiles/cmTC_917ef.dir/CheckFunctionExists.c.o  -o cmTC_917ef -lpthreads 
/usr/bin/ld: cannot find -lpthreads
collect2: error: ld returned 1 exit status
CMakeFiles/cmTC_917ef.dir/build.make:97: recipe for target 'cmTC_917ef' failed
make[1]: *** [cmTC_917ef] Error 1
make[1]: Leaving directory '/home/jlukas/My_Project/ROS1/ros_drone_indoor/build/CMakeFiles/CMakeTmp'
Makefile:126: recipe for target 'cmTC_917ef/fast' failed
make: *** [cmTC_917ef/fast] Error 2


